[debug] [2022-10-08T14:12:10.680Z] ----------------------------------------------------------------------
[debug] [2022-10-08T14:12:10.682Z] Command:       /usr/bin/node /usr/bin/firebase serve --only functions
[debug] [2022-10-08T14:12:10.682Z] CLI Version:   10.1.4
[debug] [2022-10-08T14:12:10.683Z] Platform:      linux
[debug] [2022-10-08T14:12:10.683Z] Node Version:  v14.20.1
[debug] [2022-10-08T14:12:10.683Z] Time:          Sat Oct 08 2022 16:12:10 GMT+0200 (South Africa Standard Time)
[debug] [2022-10-08T14:12:10.683Z] ----------------------------------------------------------------------
[debug] 
[debug] [2022-10-08T14:12:10.837Z] > command requires scopes: ["email","openid","https://www.googleapis.com/auth/cloudplatformprojects.readonly","https://www.googleapis.com/auth/firebase","https://www.googleapis.com/auth/cloud-platform"]
[debug] [2022-10-08T14:12:10.838Z] > authorizing via signed-in user (pharmafleet12@gmail.com)
[debug] [2022-10-08T14:12:10.838Z] [iam] checking project pharmafleet for permissions ["firebase.projects.get"]
[debug] [2022-10-08T14:12:10.839Z] >>> [apiv2][query] POST https://cloudresourcemanager.googleapis.com/v1/projects/pharmafleet:testIamPermissions [none]
[debug] [2022-10-08T14:12:10.840Z] >>> [apiv2][body] POST https://cloudresourcemanager.googleapis.com/v1/projects/pharmafleet:testIamPermissions {"permissions":["firebase.projects.get"]}
[debug] [2022-10-08T14:12:13.038Z] <<< [apiv2][status] POST https://cloudresourcemanager.googleapis.com/v1/projects/pharmafleet:testIamPermissions 200
[debug] [2022-10-08T14:12:13.039Z] <<< [apiv2][body] POST https://cloudresourcemanager.googleapis.com/v1/projects/pharmafleet:testIamPermissions {"permissions":["firebase.projects.get"]}
[debug] [2022-10-08T14:12:13.041Z] >>> [apiv2][query] GET https://firebase.googleapis.com/v1beta1/projects/pharmafleet [none]
[debug] [2022-10-08T14:12:13.830Z] <<< [apiv2][status] GET https://firebase.googleapis.com/v1beta1/projects/pharmafleet 200
[debug] [2022-10-08T14:12:13.830Z] <<< [apiv2][body] GET https://firebase.googleapis.com/v1beta1/projects/pharmafleet {"projectId":"pharmafleet","projectNumber":"158560315618","displayName":"pharmafleet","name":"projects/pharmafleet","resources":{"hostingSite":"pharmafleet","storageBucket":"pharmafleet.appspot.com","locationId":"us-central"},"state":"ACTIVE","etag":"1_20ce7ec5-b50a-45c8-9ca0-a6eff4d249b0"}
[warn] ⚠  Your requested "node" version "16" doesn't match your global version "14". Using node@14 from host. {"metadata":{"emulator":{"name":"functions"},"message":"Your requested \"node\" version \"16\" doesn't match your global version \"14\". Using node@14 from host."}}
[debug] [2022-10-08T14:12:13.859Z] defaultcredentials: writing to file /home/harmo/.config/firebase/pharmafleet12_gmail_com_application_default_credentials.json
[debug] [2022-10-08T14:12:13.862Z] Setting GAC to /home/harmo/.config/firebase/pharmafleet12_gmail_com_application_default_credentials.json {"metadata":{"emulator":{"name":"functions"},"message":"Setting GAC to /home/harmo/.config/firebase/pharmafleet12_gmail_com_application_default_credentials.json"}}
[debug] [2022-10-08T14:12:13.863Z] >>> [apiv2][query] GET https://firebase.googleapis.com/v1beta1/projects/pharmafleet/adminSdkConfig [none]
[debug] [2022-10-08T14:12:14.568Z] <<< [apiv2][status] GET https://firebase.googleapis.com/v1beta1/projects/pharmafleet/adminSdkConfig 200
[debug] [2022-10-08T14:12:14.569Z] <<< [apiv2][body] GET https://firebase.googleapis.com/v1beta1/projects/pharmafleet/adminSdkConfig {"projectId":"pharmafleet","storageBucket":"pharmafleet.appspot.com","locationId":"us-central"}
[info] i  functions: Watching "/media/harmo/Windows/CS/Code/pharmafleet/functions" for Cloud Functions... {"metadata":{"emulator":{"name":"functions"},"message":"Watching \"/media/harmo/Windows/CS/Code/pharmafleet/functions\" for Cloud Functions..."}}
[debug] [2022-10-08T14:12:14.669Z] [worker-pool] addWorker(~diagnostic~) {"metadata":{"emulator":{"name":"functions"},"message":"[worker-pool] addWorker(~diagnostic~)"}}
[debug] [2022-10-08T14:12:14.669Z] [worker-pool] Adding worker with key ~diagnostic~, total=1 {"metadata":{"emulator":{"name":"functions"},"message":"[worker-pool] Adding worker with key ~diagnostic~, total=1"}}
[debug] [2022-10-08T14:12:14.669Z] [worker-pool] submitWork(triggerId=) {"metadata":{"emulator":{"name":"functions"},"message":"[worker-pool] submitWork(triggerId=)"}}
[debug] [2022-10-08T14:12:14.670Z] [worker-~diagnostic~-a76f353a-0687-4b0c-9f58-f9d9f79f23e9]: Assigning socketPath: /tmp/fire_emu_141595.sock {"metadata":{"emulator":{"name":"functions"},"message":"[worker-~diagnostic~-a76f353a-0687-4b0c-9f58-f9d9f79f23e9]: Assigning socketPath: /tmp/fire_emu_141595.sock"}}
[debug] [2022-10-08T14:12:14.670Z] [worker-~diagnostic~-a76f353a-0687-4b0c-9f58-f9d9f79f23e9]: BUSY {"metadata":{"emulator":{"name":"functions"},"message":"[worker-~diagnostic~-a76f353a-0687-4b0c-9f58-f9d9f79f23e9]: BUSY"}}
[debug] [2022-10-08T14:12:14.820Z] [runtime-status] [141595] Functions runtime initialized. {"cwd":"/media/harmo/Windows/CS/Code/pharmafleet/functions","node_version":"14.20.1"} {"metadata":{"emulator":{"name":"functions"},"message":"[runtime-status] [141595] Functions runtime initialized. {\"cwd\":\"/media/harmo/Windows/CS/Code/pharmafleet/functions\",\"node_version\":\"14.20.1\"}"}}
[debug] [2022-10-08T14:12:14.821Z] [runtime-status] [141595] Disabled runtime features: undefined {"metadata":{"emulator":{"name":"functions"},"message":"[runtime-status] [141595] Disabled runtime features: undefined"}}
[debug] [2022-10-08T14:12:14.824Z] [runtime-status] [141595] Resolved module firebase-admin {"declared":true,"installed":true,"version":"9.12.0","resolution":"/media/harmo/Windows/CS/Code/pharmafleet/functions/node_modules/firebase-admin/lib/index.js"} {"metadata":{"emulator":{"name":"functions"},"message":"[runtime-status] [141595] Resolved module firebase-admin {\"declared\":true,\"installed\":true,\"version\":\"9.12.0\",\"resolution\":\"/media/harmo/Windows/CS/Code/pharmafleet/functions/node_modules/firebase-admin/lib/index.js\"}"}}
[debug] [2022-10-08T14:12:14.827Z] [runtime-status] [141595] Resolved module firebase-functions {"declared":true,"installed":true,"version":"3.24.1","resolution":"/media/harmo/Windows/CS/Code/pharmafleet/functions/node_modules/firebase-functions/lib/index.js"} {"metadata":{"emulator":{"name":"functions"},"message":"[runtime-status] [141595] Resolved module firebase-functions {\"declared\":true,\"installed\":true,\"version\":\"3.24.1\",\"resolution\":\"/media/harmo/Windows/CS/Code/pharmafleet/functions/node_modules/firebase-functions/lib/index.js\"}"}}
[debug] [2022-10-08T14:12:14.829Z] [runtime-status] [141595] Outgoing network have been stubbed. [{"name":"http","status":"mocked"},{"name":"http","status":"mocked"},{"name":"https","status":"mocked"},{"name":"https","status":"mocked"},{"name":"net","status":"mocked"}] {"metadata":{"emulator":{"name":"functions"},"message":"[runtime-status] [141595] Outgoing network have been stubbed. [{\"name\":\"http\",\"status\":\"mocked\"},{\"name\":\"http\",\"status\":\"mocked\"},{\"name\":\"https\",\"status\":\"mocked\"},{\"name\":\"https\",\"status\":\"mocked\"},{\"name\":\"net\",\"status\":\"mocked\"}]"}}
[debug] [2022-10-08T14:12:14.830Z] [runtime-status] [141595] Resolved module firebase-functions {"declared":true,"installed":true,"version":"3.24.1","resolution":"/media/harmo/Windows/CS/Code/pharmafleet/functions/node_modules/firebase-functions/lib/index.js"} {"metadata":{"emulator":{"name":"functions"},"message":"[runtime-status] [141595] Resolved module firebase-functions {\"declared\":true,\"installed\":true,\"version\":\"3.24.1\",\"resolution\":\"/media/harmo/Windows/CS/Code/pharmafleet/functions/node_modules/firebase-functions/lib/index.js\"}"}}
[debug] [2022-10-08T14:12:15.213Z] [runtime-status] [141595] Checked functions.config() {"config":{}} {"metadata":{"emulator":{"name":"functions"},"message":"[runtime-status] [141595] Checked functions.config() {\"config\":{}}"}}
[debug] [2022-10-08T14:12:15.213Z] [runtime-status] [141595] firebase-functions has been stubbed. {"functionsResolution":{"declared":true,"installed":true,"version":"3.24.1","resolution":"/media/harmo/Windows/CS/Code/pharmafleet/functions/node_modules/firebase-functions/lib/index.js"}} {"metadata":{"emulator":{"name":"functions"},"message":"[runtime-status] [141595] firebase-functions has been stubbed. {\"functionsResolution\":{\"declared\":true,\"installed\":true,\"version\":\"3.24.1\",\"resolution\":\"/media/harmo/Windows/CS/Code/pharmafleet/functions/node_modules/firebase-functions/lib/index.js\"}}"}}
[debug] [2022-10-08T14:12:15.214Z] [runtime-status] [141595] Resolved module firebase-functions {"declared":true,"installed":true,"version":"3.24.1","resolution":"/media/harmo/Windows/CS/Code/pharmafleet/functions/node_modules/firebase-functions/lib/index.js"} {"metadata":{"emulator":{"name":"functions"},"message":"[runtime-status] [141595] Resolved module firebase-functions {\"declared\":true,\"installed\":true,\"version\":\"3.24.1\",\"resolution\":\"/media/harmo/Windows/CS/Code/pharmafleet/functions/node_modules/firebase-functions/lib/index.js\"}"}}
[debug] [2022-10-08T14:12:15.217Z] [runtime-status] [141595] Resolved module firebase-admin {"declared":true,"installed":true,"version":"9.12.0","resolution":"/media/harmo/Windows/CS/Code/pharmafleet/functions/node_modules/firebase-admin/lib/index.js"} {"metadata":{"emulator":{"name":"functions"},"message":"[runtime-status] [141595] Resolved module firebase-admin {\"declared\":true,\"installed\":true,\"version\":\"9.12.0\",\"resolution\":\"/media/harmo/Windows/CS/Code/pharmafleet/functions/node_modules/firebase-admin/lib/index.js\"}"}}
[debug] [2022-10-08T14:12:15.219Z] [runtime-status] [141595] Resolved module firebase-functions {"declared":true,"installed":true,"version":"3.24.1","resolution":"/media/harmo/Windows/CS/Code/pharmafleet/functions/node_modules/firebase-functions/lib/index.js"} {"metadata":{"emulator":{"name":"functions"},"message":"[runtime-status] [141595] Resolved module firebase-functions {\"declared\":true,\"installed\":true,\"version\":\"3.24.1\",\"resolution\":\"/media/harmo/Windows/CS/Code/pharmafleet/functions/node_modules/firebase-functions/lib/index.js\"}"}}
[debug] [2022-10-08T14:12:15.219Z] [runtime-status] [141595] firebase-admin has been stubbed. {"adminResolution":{"declared":true,"installed":true,"version":"9.12.0","resolution":"/media/harmo/Windows/CS/Code/pharmafleet/functions/node_modules/firebase-admin/lib/index.js"}} {"metadata":{"emulator":{"name":"functions"},"message":"[runtime-status] [141595] firebase-admin has been stubbed. {\"adminResolution\":{\"declared\":true,\"installed\":true,\"version\":\"9.12.0\",\"resolution\":\"/media/harmo/Windows/CS/Code/pharmafleet/functions/node_modules/firebase-admin/lib/index.js\"}}"}}
[warn] ⚠  SyntaxError: /media/harmo/Windows/CS/Code/pharmafleet/functions/util/serviceAccountKey.json: Unexpected end of JSON input
    at parse (<anonymous>)
    at Object.Module._extensions..json (internal/modules/cjs/loader.js:1128:22)
    at Module.load (internal/modules/cjs/loader.js:950:32)
    at Function.Module._load (internal/modules/cjs/loader.js:790:12)
    at Module.require (internal/modules/cjs/loader.js:974:19)
    at require (internal/modules/cjs/helpers.js:101:18)
    at Object.<anonymous> (/media/harmo/Windows/CS/Code/pharmafleet/functions/util/admin.js:2:24)
    at Module._compile (internal/modules/cjs/loader.js:1085:14)
    at Object.Module._extensions..js (internal/modules/cjs/loader.js:1114:10)
    at Module.load (internal/modules/cjs/loader.js:950:32) {"metadata":{"emulator":{"name":"functions"},"message":"SyntaxError: /media/harmo/Windows/CS/Code/pharmafleet/functions/util/serviceAccountKey.json: Unexpected end of JSON input\n    at parse (<anonymous>)\n    at Object.Module._extensions..json (internal/modules/cjs/loader.js:1128:22)\n    at Module.load (internal/modules/cjs/loader.js:950:32)\n    at Function.Module._load (internal/modules/cjs/loader.js:790:12)\n    at Module.require (internal/modules/cjs/loader.js:974:19)\n    at require (internal/modules/cjs/helpers.js:101:18)\n    at Object.<anonymous> (/media/harmo/Windows/CS/Code/pharmafleet/functions/util/admin.js:2:24)\n    at Module._compile (internal/modules/cjs/loader.js:1085:14)\n    at Object.Module._extensions..js (internal/modules/cjs/loader.js:1114:10)\n    at Module.load (internal/modules/cjs/loader.js:950:32)"}}
[warn] ⚠  We were unable to load your functions code. (see above) {"metadata":{"emulator":{"name":"functions"}}}
[debug] [2022-10-08T14:12:17.461Z] [worker-~diagnostic~-a76f353a-0687-4b0c-9f58-f9d9f79f23e9]: exited {"metadata":{"emulator":{"name":"functions"},"message":"[worker-~diagnostic~-a76f353a-0687-4b0c-9f58-f9d9f79f23e9]: exited"}}
[debug] [2022-10-08T14:12:17.461Z] [worker-~diagnostic~-a76f353a-0687-4b0c-9f58-f9d9f79f23e9]: FINISHED {"metadata":{"emulator":{"name":"functions"},"message":"[worker-~diagnostic~-a76f353a-0687-4b0c-9f58-f9d9f79f23e9]: FINISHED"}}
